<?xml version="1.0" encoding="UTF-8"?>
<!-- Generated by org.testng.reporters.JUnitReportReporter -->
<testsuite skipped="0" hostname="Hp-PC" name="PostRequest" tests="1" failures="0" timestamp="20 Sep 2018 07:23:28 GMT" time="3.835" errors="0">
  <testcase name="postData" time="3.835" classname="PostRequest"/>
</testsuite> <!-- PostRequest -->
