<?xml version="1.0" encoding="UTF-8"?>
<!-- Generated by org.testng.reporters.JUnitReportReporter -->
<testsuite skipped="0" hostname="Hp-PC" name="XmlPostRequest" tests="1" failures="0" timestamp="21 Sep 2018 19:04:34 GMT" time="2.124" errors="0">
  <testcase name="postData" time="2.124" classname="XmlPostRequest"/>
</testsuite> <!-- XmlPostRequest -->
