<?xml version="1.0" encoding="UTF-8"?>
<!-- Generated by org.testng.reporters.JUnitReportReporter -->
<testsuite skipped="0" hostname="Hp-PC" name="Basics_Author_extractbulkValues" tests="1" failures="0" timestamp="21 Sep 2018 16:44:32 GMT" time="4.828" errors="0">
  <testcase name="Test1" time="4.828" classname="Basics_Author_extractbulkValues"/>
</testsuite> <!-- Basics_Author_extractbulkValues -->
