<?xml version="1.0" encoding="UTF-8"?>
<!-- Generated by org.testng.reporters.JUnitReportReporter -->
<testsuite skipped="0" hostname="Hp-PC" name="GrabResponse" tests="1" failures="0" timestamp="21 Sep 2018 10:43:54 GMT" time="2.834" errors="0">
  <testcase name="AddandDeletePlace" time="2.834" classname="GrabResponse"/>
</testsuite> <!-- GrabResponse -->
