<?xml version="1.0" encoding="UTF-8"?>
<!-- Generated by org.testng.reporters.JUnitReportReporter -->
<testsuite skipped="0" hostname="Hp-PC" name="Basics_Author" tests="1" failures="0" timestamp="21 Sep 2018 18:54:26 GMT" time="2.342" errors="0">
  <testcase name="Test1" time="2.342" classname="Basics_Author"/>
</testsuite> <!-- Basics_Author -->
